# JRE version: Java(TM) SE Runtime Environment (19.0+36) (build 19+36-2238)
# Java VM: Java HotSpot(TM) 64-Bit Server VM (19+36-2238, mixed mode, sharing, tiered, compressed oops, compressed class ptrs, g1 gc, windows-amd64)
GC Precious Log:
 CardTable entry size: 512
 Card Set container configuration: InlinePtr #cards 4 size 8 Array Of Cards #cards 8 size 32 Howl #buckets 8 coarsen threshold 3686 Howl Bitmap #cards 512 size 80 coarsen threshold 460 Card regions per heap region 1 cards per card region 4096
 CPUs: 8 total, 8 available
 Memory: 16256M
 Large Page Support: Disabled
 NUMA Support: Disabled
 Compressed Oops: Enabled (Zero based)
 Heap Region Size: 2M
 Heap Min Capacity: 8M
 Heap Initial Capacity: 256M
 Heap Max Capacity: 4066M
 Pre-touch: Disabled
 Parallel Workers: 8
 Concurrent Workers: 2
 Concurrent Refinement Workers: 8
 Periodic GC: Disabled
Heap:
 garbage-first heap   total 202752K, used 161614K [0x0000000701e00000, 0x0000000800000000)
  region size 2048K, 21 young (43008K), 1 survivors (2048K)
 Metaspace       used 56683K, committed 57280K, reserved 1114112K
  class space    used 7145K, committed 7424K, reserved 1048576K
GC Heap History (20 events):
Event: 238.118 GC heap before
{Heap before GC invocations=25 (full 0):
 garbage-first heap   total 161792K, used 124136K [0x0000000701e00000, 0x0000000800000000)
  region size 2048K, 26 young (53248K), 4 survivors (8192K)
 Metaspace       used 56648K, committed 57216K, reserved 1114112K
  class space    used 7140K, committed 7424K, reserved 1048576K
}
Event: 238.124 GC heap after
{Heap after GC invocations=26 (full 0):
 garbage-first heap   total 161792K, used 87992K [0x0000000701e00000, 0x0000000800000000)
  region size 2048K, 4 young (8192K), 4 survivors (8192K)
 Metaspace       used 56648K, committed 57216K, reserved 1114112K
  class space    used 7140K, committed 7424K, reserved 1048576K
}
Event: 263.387 GC heap before
{Heap before GC invocations=26 (full 0):
 garbage-first heap   total 161792K, used 126904K [0x0000000701e00000, 0x0000000800000000)
  region size 2048K, 23 young (47104K), 4 survivors (8192K)
 Metaspace       used 56658K, committed 57280K, reserved 1114112K
  class space    used 7141K, committed 7424K, reserved 1048576K
}
Event: 263.400 GC heap after
{Heap after GC invocations=27 (full 0):
 garbage-first heap   total 161792K, used 94653K [0x0000000701e00000, 0x0000000800000000)
  region size 2048K, 3 young (6144K), 3 survivors (6144K)
 Metaspace       used 56658K, committed 57280K, reserved 1114112K
  class space    used 7141K, committed 7424K, reserved 1048576K
}
Event: 287.036 GC heap before
{Heap before GC invocations=28 (full 0):
 garbage-first heap   total 163840K, used 129469K [0x0000000701e00000, 0x0000000800000000)
  region size 2048K, 20 young (40960K), 3 survivors (6144K)
 Metaspace       used 56670K, committed 57280K, reserved 1114112K
  class space    used 7141K, committed 7424K, reserved 1048576K
}
Event: 287.046 GC heap after
{Heap after GC invocations=29 (full 0):
 garbage-first heap   total 163840K, used 101764K [0x0000000701e00000, 0x0000000800000000)
  region size 2048K, 3 young (6144K), 3 survivors (6144K)
 Metaspace       used 56670K, committed 57280K, reserved 1114112K
  class space    used 7141K, committed 7424K, reserved 1048576K
}
Event: 288.386 GC heap before
{Heap before GC invocations=29 (full 0):
 garbage-first heap   total 163840K, used 103812K [0x0000000701e00000, 0x0000000800000000)
  region size 2048K, 4 young (8192K), 3 survivors (6144K)
 Metaspace       used 56670K, committed 57280K, reserved 1114112K
  class space    used 7141K, committed 7424K, reserved 1048576K
}
Event: 288.393 GC heap after
{Heap after GC invocations=30 (full 0):
 garbage-first heap   total 163840K, used 101902K [0x0000000701e00000, 0x0000000800000000)
  region size 2048K, 1 young (2048K), 1 survivors (2048K)
 Metaspace       used 56670K, committed 57280K, reserved 1114112K
  class space    used 7141K, committed 7424K, reserved 1048576K
}
Event: 307.522 GC heap before
{Heap before GC invocations=30 (full 0):
 garbage-first heap   total 163840K, used 130574K [0x0000000701e00000, 0x0000000800000000)
  region size 2048K, 15 young (30720K), 1 survivors (2048K)
 Metaspace       used 56670K, committed 57280K, reserved 1114112K
  class space    used 7141K, committed 7424K, reserved 1048576K
}
Event: 307.526 GC heap after
{Heap after GC invocations=31 (full 0):
 garbage-first heap   total 163840K, used 106461K [0x0000000701e00000, 0x0000000800000000)
  region size 2048K, 2 young (4096K), 2 survivors (4096K)
 Metaspace       used 56670K, committed 57280K, reserved 1114112K
  class space    used 7141K, committed 7424K, reserved 1048576K
}
Event: 324.472 GC heap before
{Heap before GC invocations=32 (full 0):
 garbage-first heap   total 182272K, used 133085K [0x0000000701e00000, 0x0000000800000000)
  region size 2048K, 15 young (30720K), 2 survivors (4096K)
 Metaspace       used 56670K, committed 57280K, reserved 1114112K
  class space    used 7141K, committed 7424K, reserved 1048576K
}
Event: 324.480 GC heap after
{Heap after GC invocations=33 (full 0):
 garbage-first heap   total 182272K, used 111017K [0x0000000701e00000, 0x0000000800000000)
  region size 2048K, 2 young (4096K), 2 survivors (4096K)
 Metaspace       used 56670K, committed 57280K, reserved 1114112K
  class space    used 7141K, committed 7424K, reserved 1048576K
}
Event: 326.917 GC heap before
{Heap before GC invocations=33 (full 0):
 garbage-first heap   total 182272K, used 115113K [0x0000000701e00000, 0x0000000800000000)
  region size 2048K, 4 young (8192K), 2 survivors (4096K)
 Metaspace       used 56670K, committed 57280K, reserved 1114112K
  class space    used 7141K, committed 7424K, reserved 1048576K
}
Event: 326.924 GC heap after
{Heap after GC invocations=34 (full 0):
 garbage-first heap   total 182272K, used 111080K [0x0000000701e00000, 0x0000000800000000)
  region size 2048K, 1 young (2048K), 1 survivors (2048K)
 Metaspace       used 56670K, committed 57280K, reserved 1114112K
  class space    used 7141K, committed 7424K, reserved 1048576K
}
Event: 349.543 GC heap before
{Heap before GC invocations=34 (full 0):
 garbage-first heap   total 182272K, used 145896K [0x0000000701e00000, 0x0000000800000000)
  region size 2048K, 18 young (36864K), 1 survivors (2048K)
 Metaspace       used 56670K, committed 57280K, reserved 1114112K
  class space    used 7141K, committed 7424K, reserved 1048576K
}
Event: 349.549 GC heap after
{Heap after GC invocations=35 (full 0):
 garbage-first heap   total 182272K, used 117029K [0x0000000701e00000, 0x0000000800000000)
  region size 2048K, 3 young (6144K), 3 survivors (6144K)
 Metaspace       used 56670K, committed 57280K, reserved 1114112K
  class space    used 7141K, committed 7424K, reserved 1048576K
}
Event: 370.267 GC heap before
{Heap before GC invocations=36 (full 0):
 garbage-first heap   total 202752K, used 147749K [0x0000000701e00000, 0x0000000800000000)
  region size 2048K, 18 young (36864K), 3 survivors (6144K)
 Metaspace       used 56670K, committed 57280K, reserved 1114112K
  class space    used 7141K, committed 7424K, reserved 1048576K
}
Event: 370.276 GC heap after
{Heap after GC invocations=37 (full 0):
 garbage-first heap   total 202752K, used 122673K [0x0000000701e00000, 0x0000000800000000)
  region size 2048K, 3 young (6144K), 3 survivors (6144K)
 Metaspace       used 56670K, committed 57280K, reserved 1114112K
  class space    used 7141K, committed 7424K, reserved 1048576K
}
Event: 371.526 GC heap before
{Heap before GC invocations=37 (full 0):
 garbage-first heap   total 202752K, used 124721K [0x0000000701e00000, 0x0000000800000000)
  region size 2048K, 4 young (8192K), 3 survivors (6144K)
 Metaspace       used 56670K, committed 57280K, reserved 1114112K
  class space    used 7141K, committed 7424K, reserved 1048576K
}
Event: 371.532 GC heap after
{Heap after GC invocations=38 (full 0):
 garbage-first heap   total 202752K, used 122702K [0x0000000701e00000, 0x0000000800000000)
  region size 2048K, 1 young (2048K), 1 survivors (2048K)
 Metaspace       used 56670K, committed 57280K, reserved 1114112K
  class space    used 7141K, committed 7424K, reserved 1048576K
}

